DEPRECATION WARNING: Single arity template handlers are deprecated. Template handlers must
now accept two parameters, the view object and the source for the view object.
Change:
  >> Coffee::Rails::TemplateHandler.call(template)
To:
  >> Coffee::Rails::TemplateHandler.call(template, source)
 (called from <top (required)> at /myapp/config/environment.rb:5)
DEPRECATION WARNING: Single arity template handlers are deprecated. Template handlers must
now accept two parameters, the view object and the source for the view object.
Change:
  >> JbuilderHandler.call(template)
To:
  >> JbuilderHandler.call(template, source)
 (called from <top (required)> at /myapp/config/environment.rb:5)
Started GET "/" for 172.20.0.1 at 2020-01-02 20:57:00 +0000
  
ActiveRecord::NoDatabaseError (FATAL:  database "myapp_development" does not exist
):
  
activerecord (6.0.2) lib/active_record/connection_adapters/postgresql_adapter.rb:50:in `rescue in postgresql_connection'
activerecord (6.0.2) lib/active_record/connection_adapters/postgresql_adapter.rb:33:in `postgresql_connection'
activerecord (6.0.2) lib/active_record/connection_adapters/abstract/connection_pool.rb:889:in `new_connection'
activerecord (6.0.2) lib/active_record/connection_adapters/abstract/connection_pool.rb:933:in `checkout_new_connection'
activerecord (6.0.2) lib/active_record/connection_adapters/abstract/connection_pool.rb:912:in `try_to_checkout_new_connection'
activerecord (6.0.2) lib/active_record/connection_adapters/abstract/connection_pool.rb:873:in `acquire_connection'
activerecord (6.0.2) lib/active_record/connection_adapters/abstract/connection_pool.rb:595:in `checkout'
activerecord (6.0.2) lib/active_record/connection_adapters/abstract/connection_pool.rb:439:in `connection'
activerecord (6.0.2) lib/active_record/connection_adapters/abstract/connection_pool.rb:1121:in `retrieve_connection'
activerecord (6.0.2) lib/active_record/connection_handling.rb:238:in `retrieve_connection'
activerecord (6.0.2) lib/active_record/connection_handling.rb:206:in `connection'
activerecord (6.0.2) lib/active_record/migration.rb:562:in `call'
actionpack (6.0.2) lib/action_dispatch/middleware/callbacks.rb:27:in `block in call'
activesupport (6.0.2) lib/active_support/callbacks.rb:101:in `run_callbacks'
actionpack (6.0.2) lib/action_dispatch/middleware/callbacks.rb:26:in `call'
actionpack (6.0.2) lib/action_dispatch/middleware/executor.rb:14:in `call'
actionpack (6.0.2) lib/action_dispatch/middleware/actionable_exceptions.rb:17:in `call'
actionpack (6.0.2) lib/action_dispatch/middleware/debug_exceptions.rb:32:in `call'
actionpack (6.0.2) lib/action_dispatch/middleware/show_exceptions.rb:33:in `call'
railties (6.0.2) lib/rails/rack/logger.rb:38:in `call_app'
railties (6.0.2) lib/rails/rack/logger.rb:26:in `block in call'
activesupport (6.0.2) lib/active_support/tagged_logging.rb:80:in `block in tagged'
activesupport (6.0.2) lib/active_support/tagged_logging.rb:28:in `tagged'
activesupport (6.0.2) lib/active_support/tagged_logging.rb:80:in `tagged'
railties (6.0.2) lib/rails/rack/logger.rb:26:in `call'
sprockets-rails (3.2.1) lib/sprockets/rails/quiet_assets.rb:13:in `call'
actionpack (6.0.2) lib/action_dispatch/middleware/remote_ip.rb:81:in `call'
actionpack (6.0.2) lib/action_dispatch/middleware/request_id.rb:27:in `call'
rack (2.0.8) lib/rack/method_override.rb:22:in `call'
rack (2.0.8) lib/rack/runtime.rb:22:in `call'
activesupport (6.0.2) lib/active_support/cache/strategy/local_cache_middleware.rb:29:in `call'
actionpack (6.0.2) lib/action_dispatch/middleware/executor.rb:14:in `call'
actionpack (6.0.2) lib/action_dispatch/middleware/static.rb:126:in `call'
rack (2.0.8) lib/rack/sendfile.rb:111:in `call'
actionpack (6.0.2) lib/action_dispatch/middleware/host_authorization.rb:83:in `call'
railties (6.0.2) lib/rails/engine.rb:526:in `call'
puma (3.12.2) lib/puma/configuration.rb:227:in `call'
puma (3.12.2) lib/puma/server.rb:674:in `handle_request'
puma (3.12.2) lib/puma/server.rb:476:in `process_client'
puma (3.12.2) lib/puma/server.rb:334:in `block in run'
puma (3.12.2) lib/puma/thread_pool.rb:135:in `block in spawn_thread'
DEPRECATION WARNING: Single arity template handlers are deprecated. Template handlers must
now accept two parameters, the view object and the source for the view object.
Change:
  >> JbuilderHandler.call(template)
To:
  >> JbuilderHandler.call(template, source)
 (called from <top (required)> at /myapp/config/environment.rb:5)
  [1m[35m (99.5ms)[0m  [1m[35mCREATE DATABASE "myapp_development" ENCODING = 'unicode'[0m
  [1m[35m (104.0ms)[0m  [1m[35mCREATE DATABASE "myapp_test" ENCODING = 'unicode'[0m
DEPRECATION WARNING: Single arity template handlers are deprecated. Template handlers must
now accept two parameters, the view object and the source for the view object.
Change:
  >> Coffee::Rails::TemplateHandler.call(template)
To:
  >> Coffee::Rails::TemplateHandler.call(template, source)
 (called from <top (required)> at /myapp/config/environment.rb:5)
DEPRECATION WARNING: Single arity template handlers are deprecated. Template handlers must
now accept two parameters, the view object and the source for the view object.
Change:
  >> JbuilderHandler.call(template)
To:
  >> JbuilderHandler.call(template, source)
 (called from <top (required)> at /myapp/config/environment.rb:5)
Started GET "/" for 172.21.0.1 at 2020-01-02 20:58:23 +0000
Processing by Rails::WelcomeController#index as HTML
  Rendering /usr/local/bundle/gems/railties-6.0.2/lib/rails/templates/rails/welcome/index.html.erb
  Rendered /usr/local/bundle/gems/railties-6.0.2/lib/rails/templates/rails/welcome/index.html.erb (Duration: 8.6ms | Allocations: 418)
Completed 200 OK in 26ms (Views: 12.3ms | ActiveRecord: 0.0ms | Allocations: 2595)


DEPRECATION WARNING: Single arity template handlers are deprecated. Template handlers must
now accept two parameters, the view object and the source for the view object.
Change:
  >> JbuilderHandler.call(template)
To:
  >> JbuilderHandler.call(template, source)
 (called from <top (required)> at /myapp/config/environment.rb:5)
DEPRECATION WARNING: Single arity template handlers are deprecated. Template handlers must
now accept two parameters, the view object and the source for the view object.
Change:
  >> JbuilderHandler.call(template)
To:
  >> JbuilderHandler.call(template, source)
 (called from <top (required)> at /myapp/config/environment.rb:5)
DEPRECATION WARNING: Single arity template handlers are deprecated. Template handlers must
now accept two parameters, the view object and the source for the view object.
Change:
  >> JbuilderHandler.call(template)
To:
  >> JbuilderHandler.call(template, source)
 (called from <top (required)> at /myapp/config/environment.rb:5)
  [1m[35m (110.0ms)[0m  [1m[35mCREATE DATABASE "myapp_development" ENCODING = 'unicode'[0m
  [1m[35m (94.4ms)[0m  [1m[35mCREATE DATABASE "myapp_test" ENCODING = 'unicode'[0m
DEPRECATION WARNING: Single arity template handlers are deprecated. Template handlers must
now accept two parameters, the view object and the source for the view object.
Change:
  >> Coffee::Rails::TemplateHandler.call(template)
To:
  >> Coffee::Rails::TemplateHandler.call(template, source)
 (called from <top (required)> at /myapp/config/environment.rb:5)
DEPRECATION WARNING: Single arity template handlers are deprecated. Template handlers must
now accept two parameters, the view object and the source for the view object.
Change:
  >> JbuilderHandler.call(template)
To:
  >> JbuilderHandler.call(template, source)
 (called from <top (required)> at /myapp/config/environment.rb:5)
Started GET "/" for 172.23.0.1 at 2020-01-02 21:17:53 +0000
Processing by Rails::WelcomeController#index as HTML
  Rendering /usr/local/bundle/gems/railties-6.0.2/lib/rails/templates/rails/welcome/index.html.erb
  Rendered /usr/local/bundle/gems/railties-6.0.2/lib/rails/templates/rails/welcome/index.html.erb (Duration: 10.7ms | Allocations: 418)
Completed 200 OK in 30ms (Views: 14.9ms | ActiveRecord: 0.0ms | Allocations: 2595)


